Arguments: 
  /usr/local/bin/node /usr/local/Cellar/yarn/1.15.2/libexec/bin/yarn.js add @babel/plugin-proposal-class-properties --save-dev

PATH: 
  /Library/Frameworks/Python.framework/Versions/3.7/bin:/usr/local/bin:/usr/bin:/bin:/usr/sbin:/sbin:/Applications/VMware Fusion.app/Contents/Public:/usr/local/go/bin:/Library/Frameworks/Python.framework/Versions/3.7/bin

Yarn version: 
  1.15.2

Node version: 
  12.13.0

Platform: 
  darwin x64

Trace: 
  Error: https://registry.npmjs.org/@babel%2fhelper-module-imports: ETIMEDOUT
      at Timeout._onTimeout (/usr/local/Cellar/yarn/1.15.2/libexec/lib/cli.js:130201:19)
      at listOnTimeout (internal/timers.js:531:17)
      at processTimers (internal/timers.js:475:7)

npm manifest: 
  {
    "name": "midou-generate",
    "version": "1.0.8",
    "description": "generate react component template",
    "main": "./src/index.js",
    "license": "MIT",
    "author": {
      "name": "midou",
      "email": "577281375@qq.com",
      "url": "https://github.com/songxuecc/midou-generate.git"
    },
    "dependencies": {
      "@babel/helper-module-imports": "^7.7.4",
      "@babel/plugin-proposal-export-default-from": "^7.7.4",
      "@babel/polyfill": "^7.7.0",
      "chalk": "^3.0.0",
      "commander": "^4.1.0",
      "fs-extra": "^8.1.0",
      "glob": "^7.1.6",
      "inquirer": "^7.0.3",
      "inquirer-autocomplete-prompt": "^1.0.1",
      "list-react-files": "^0.2.0",
      "lodash": "^4.17.15",
      "ora": "^4.0.3"
    },
    "scripts": {
      "start": "babel ./src  --out-dir ./lib && node ./bin/cli.js create component Demo"
    },
    "bin": {
      "midou-generate": "bin/cli.js"
    },
    "devDependencies": {
      "@babel/cli": "^7.7.7",
      "@babel/core": "^7.7.7",
      "@babel/preset-env": "^7.7.7"
    }
  }

yarn manifest: 
  No manifest

Lockfile: 
  No lockfile
